<?xml version="1.0" encoding="UTF-8"?>
<!-- Generated by org.testng.reporters.JUnitReportReporter -->
<testsuite hostname="badanekai" name="com.ebay.appium.tests.AndroidRegisterAccount" tests="1" failures="0" timestamp="15 Sep 2015 18:57:33 GMT" time="28.380" errors="0">
  <testcase name="goToSignInPage" time="28.380" classname="com.ebay.appium.tests.AndroidRegisterAccount"/>
</testsuite> <!-- com.ebay.appium.tests.AndroidRegisterAccount -->
