<?xml version="1.0" encoding="UTF-8"?>
<!-- Generated by org.testng.reporters.JUnitReportReporter -->
<testsuite hostname="badanekai" name="com.ebay.appium.tests.AndroidSearchTest" tests="1" failures="0" timestamp="10 Sep 2015 19:22:36 GMT" time="6.896" errors="0">
  <testcase name="goToSignInPage" time="6.896" classname="com.ebay.appium.tests.AndroidSearchTest"/>
</testsuite> <!-- com.ebay.appium.tests.AndroidSearchTest -->
