<?xml version="1.0" encoding="UTF-8"?>
<!-- Generated by org.testng.reporters.JUnitReportReporter -->
<testsuite hostname="badanekai" name="com.ebay.appium.tests.AndroidSearchTest" tests="1" failures="0" timestamp="19 Sep 2015 15:24:15 GMT" time="25.432" errors="0">
  <testcase name="goToSignInPage" time="25.432" classname="com.ebay.appium.tests.AndroidSearchTest"/>
</testsuite> <!-- com.ebay.appium.tests.AndroidSearchTest -->
