<?xml version="1.0" encoding="UTF-8"?>
<!-- Generated by org.testng.reporters.JUnitReportReporter -->
<testsuite hostname="badanekai" name="com.ebay.appium.tests.AndroidRegisterAccount" tests="1" failures="0" timestamp="20 Sep 2015 11:26:48 GMT" time="40.362" errors="0">
  <testcase name="goToSignInPage" time="40.362" classname="com.ebay.appium.tests.AndroidRegisterAccount"/>
</testsuite> <!-- com.ebay.appium.tests.AndroidRegisterAccount -->
